# JRE version: Java(TM) SE Runtime Environment (8.0_45-b15) (build 1.8.0_45-b15)
# Java VM: Java HotSpot(TM) 64-Bit Server VM (25.45-b02 mixed mode windows-amd64 compressed oops)
Heap:
 PSYoungGen      total 212480K, used 147229K [0x00000000ed780000, 0x00000000fb280000, 0x0000000100000000)
  eden space 200704K, 73% used [0x00000000ed780000,0x00000000f6747778,0x00000000f9b80000)
  from space 11776K, 0% used [0x00000000fa700000,0x00000000fa700000,0x00000000fb280000)
  to   space 11776K, 0% used [0x00000000f9b80000,0x00000000f9b80000,0x00000000fa700000)
 ParOldGen       total 65536K, used 16562K [0x00000000c8600000, 0x00000000cc600000, 0x00000000ed780000)
  object space 65536K, 25% used [0x00000000c8600000,0x00000000c962c888,0x00000000cc600000)
 Metaspace       used 38547K, capacity 39208K, committed 39592K, reserved 1083392K
  class space    used 4705K, capacity 4888K, committed 5032K, reserved 1048576K
GC Heap History (10 events):
Event: 456.446 GC heap before
{Heap before GC invocations=14 (full 2):
 PSYoungGen      total 155136K, used 63143K [0x00000000ed780000, 0x00000000f9280000, 0x0000000100000000)
  eden space 142336K, 44% used [0x00000000ed780000,0x00000000f1529e40,0x00000000f6280000)
  from space 12800K, 0% used [0x00000000f6280000,0x00000000f6280000,0x00000000f6f00000)
  to   space 12800K, 0% used [0x00000000f8600000,0x00000000f8600000,0x00000000f9280000)
 ParOldGen       total 65536K, used 19303K [0x00000000c8600000, 0x00000000cc600000, 0x00000000ed780000)
  object space 65536K, 29% used [0x00000000c8600000,0x00000000c98d9d20,0x00000000cc600000)
 Metaspace       used 37057K, capacity 37496K, committed 37800K, reserved 1083392K
  class space    used 4635K, capacity 4774K, committed 4776K, reserved 1048576K
Event: 456.451 GC heap after
Heap after GC invocations=14 (full 2):
 PSYoungGen      total 178688K, used 2500K [0x00000000ed780000, 0x00000000f9e80000, 0x0000000100000000)
  eden space 165888K, 0% used [0x00000000ed780000,0x00000000ed780000,0x00000000f7980000)
  from space 12800K, 19% used [0x00000000f8600000,0x00000000f8871240,0x00000000f9280000)
  to   space 12800K, 0% used [0x00000000f7980000,0x00000000f7980000,0x00000000f8600000)
 ParOldGen       total 65536K, used 19311K [0x00000000c8600000, 0x00000000cc600000, 0x00000000ed780000)
  object space 65536K, 29% used [0x00000000c8600000,0x00000000c98dbd20,0x00000000cc600000)
 Metaspace       used 37057K, capacity 37496K, committed 37800K, reserved 1083392K
  class space    used 4635K, capacity 4774K, committed 4776K, reserved 1048576K
}
Event: 456.451 GC heap before
{Heap before GC invocations=15 (full 3):
 PSYoungGen      total 178688K, used 2500K [0x00000000ed780000, 0x00000000f9e80000, 0x0000000100000000)
  eden space 165888K, 0% used [0x00000000ed780000,0x00000000ed780000,0x00000000f7980000)
  from space 12800K, 19% used [0x00000000f8600000,0x00000000f8871240,0x00000000f9280000)
  to   space 12800K, 0% used [0x00000000f7980000,0x00000000f7980000,0x00000000f8600000)
 ParOldGen       total 65536K, used 19311K [0x00000000c8600000, 0x00000000cc600000, 0x00000000ed780000)
  object space 65536K, 29% used [0x00000000c8600000,0x00000000c98dbd20,0x00000000cc600000)
 Metaspace       used 37057K, capacity 37496K, committed 37800K, reserved 1083392K
  class space    used 4635K, capacity 4774K, committed 4776K, reserved 1048576K
Event: 456.625 GC heap after
Heap after GC invocations=15 (full 3):
 PSYoungGen      total 178688K, used 0K [0x00000000ed780000, 0x00000000f9e80000, 0x0000000100000000)
  eden space 165888K, 0% used [0x00000000ed780000,0x00000000ed780000,0x00000000f7980000)
  from space 12800K, 0% used [0x00000000f8600000,0x00000000f8600000,0x00000000f9280000)
  to   space 12800K, 0% used [0x00000000f7980000,0x00000000f7980000,0x00000000f8600000)
 ParOldGen       total 65536K, used 20287K [0x00000000c8600000, 0x00000000cc600000, 0x00000000ed780000)
  object space 65536K, 30% used [0x00000000c8600000,0x00000000c99cfd10,0x00000000cc600000)
 Metaspace       used 37057K, capacity 37496K, committed 37800K, reserved 1083392K
  class space    used 4635K, capacity 4774K, committed 4776K, reserved 1048576K
}
Event: 649.861 GC heap before
{Heap before GC invocations=16 (full 3):
 PSYoungGen      total 178688K, used 165888K [0x00000000ed780000, 0x00000000f9e80000, 0x0000000100000000)
  eden space 165888K, 100% used [0x00000000ed780000,0x00000000f7980000,0x00000000f7980000)
  from space 12800K, 0% used [0x00000000f8600000,0x00000000f8600000,0x00000000f9280000)
  to   space 12800K, 0% used [0x00000000f7980000,0x00000000f7980000,0x00000000f8600000)
 ParOldGen       total 65536K, used 20287K [0x00000000c8600000, 0x00000000cc600000, 0x00000000ed780000)
  object space 65536K, 30% used [0x00000000c8600000,0x00000000c99cfd10,0x00000000cc600000)
 Metaspace       used 38032K, capacity 38614K, committed 38696K, reserved 1083392K
  class space    used 4698K, capacity 4869K, committed 4904K, reserved 1048576K
Event: 649.867 GC heap after
Heap after GC invocations=16 (full 3):
 PSYoungGen      total 178688K, used 5031K [0x00000000ed780000, 0x00000000fb280000, 0x0000000100000000)
  eden space 165888K, 0% used [0x00000000ed780000,0x00000000ed780000,0x00000000f7980000)
  from space 12800K, 39% used [0x00000000f7980000,0x00000000f7e69e20,0x00000000f8600000)
  to   space 11776K, 0% used [0x00000000fa700000,0x00000000fa700000,0x00000000fb280000)
 ParOldGen       total 65536K, used 20295K [0x00000000c8600000, 0x00000000cc600000, 0x00000000ed780000)
  object space 65536K, 30% used [0x00000000c8600000,0x00000000c99d1d10,0x00000000cc600000)
 Metaspace       used 38032K, capacity 38614K, committed 38696K, reserved 1083392K
  class space    used 4698K, capacity 4869K, committed 4904K, reserved 1048576K
}
Event: 2892.427 GC heap before
{Heap before GC invocations=17 (full 3):
 PSYoungGen      total 178688K, used 146869K [0x00000000ed780000, 0x00000000fb280000, 0x0000000100000000)
  eden space 165888K, 85% used [0x00000000ed780000,0x00000000f62037a0,0x00000000f7980000)
  from space 12800K, 39% used [0x00000000f7980000,0x00000000f7e69e20,0x00000000f8600000)
  to   space 11776K, 0% used [0x00000000fa700000,0x00000000fa700000,0x00000000fb280000)
 ParOldGen       total 65536K, used 20295K [0x00000000c8600000, 0x00000000cc600000, 0x00000000ed780000)
  object space 65536K, 30% used [0x00000000c8600000,0x00000000c99d1d10,0x00000000cc600000)
 Metaspace       used 38208K, capacity 38876K, committed 38952K, reserved 1083392K
  class space    used 4701K, capacity 4871K, committed 4904K, reserved 1048576K
Event: 2892.431 GC heap after
Heap after GC invocations=17 (full 3):
 PSYoungGen      total 212480K, used 2528K [0x00000000ed780000, 0x00000000fb280000, 0x0000000100000000)
  eden space 200704K, 0% used [0x00000000ed780000,0x00000000ed780000,0x00000000f9b80000)
  from space 11776K, 21% used [0x00000000fa700000,0x00000000fa978020,0x00000000fb280000)
  to   space 11776K, 0% used [0x00000000f9b80000,0x00000000f9b80000,0x00000000fa700000)
 ParOldGen       total 65536K, used 20295K [0x00000000c8600000, 0x00000000cc600000, 0x00000000ed780000)
  object space 65536K, 30% used [0x00000000c8600000,0x00000000c99d1d10,0x00000000cc600000)
 Metaspace       used 38208K, capacity 38876K, committed 38952K, reserved 1083392K
  class space    used 4701K, capacity 4871K, committed 4904K, reserved 1048576K
}
Event: 2892.431 GC heap before
{Heap before GC invocations=18 (full 4):
 PSYoungGen      total 212480K, used 2528K [0x00000000ed780000, 0x00000000fb280000, 0x0000000100000000)
  eden space 200704K, 0% used [0x00000000ed780000,0x00000000ed780000,0x00000000f9b80000)
  from space 11776K, 21% used [0x00000000fa700000,0x00000000fa978020,0x00000000fb280000)
  to   space 11776K, 0% used [0x00000000f9b80000,0x00000000f9b80000,0x00000000fa700000)
 ParOldGen       total 65536K, used 20295K [0x00000000c8600000, 0x00000000cc600000, 0x00000000ed780000)
  object space 65536K, 30% used [0x00000000c8600000,0x00000000c99d1d10,0x00000000cc600000)
 Metaspace       used 38208K, capacity 38876K, committed 38952K, reserved 1083392K
  class space    used 4701K, capacity 4871K, committed 4904K, reserved 1048576K
Event: 2892.549 GC heap after
Heap after GC invocations=18 (full 4):
 PSYoungGen      total 212480K, used 0K [0x00000000ed780000, 0x00000000fb280000, 0x0000000100000000)
  eden space 200704K, 0% used [0x00000000ed780000,0x00000000ed780000,0x00000000f9b80000)
  from space 11776K, 0% used [0x00000000fa700000,0x00000000fa700000,0x00000000fb280000)
  to   space 11776K, 0% used [0x00000000f9b80000,0x00000000f9b80000,0x00000000fa700000)
 ParOldGen       total 65536K, used 16562K [0x00000000c8600000, 0x00000000cc600000, 0x00000000ed780000)
  object space 65536K, 25% used [0x00000000c8600000,0x00000000c962c888,0x00000000cc600000)
 Metaspace       used 38005K, capacity 38554K, committed 38952K, reserved 1083392K
  class space    used 4669K, capacity 4811K, committed 4904K, reserved 1048576K
}

